<?xml version="1.0" encoding="UTF-8"?>
<!-- Generated by org.testng.reporters.JUnitXMLReporter -->
<testsuite ignored="0" hostname="DESKTOP-5F5KD8L" failures="0" tests="4" name="CromeTest" time="0.231" errors="0" timestamp="2023-03-15T15:00:43 IST">
  <testcase classname="TestingProject.cross" name="@BeforeTest openBrowser" time="0.04">
    <failure type="java.lang.NullPointerException" message="Cannot invoke &amp;quot;org.openqa.selenium.WebDriver.get(String)&amp;quot; because &amp;quot;this.driver&amp;quot; is null">
      <![CDATA[java.lang.NullPointerException: Cannot invoke "org.openqa.selenium.WebDriver.get(String)" because "this.driver" is null
at TestingProject.cross.openBrowser(cross.java:67)
... Removed 22 stack frames]]>
    </failure>
  </testcase> <!-- @BeforeTest openBrowser -->
  <testcase classname="TestingProject.cross" name="@BeforeClass beforeclass" time="-1.678872643293E9">
    <skipped/>
  </testcase> <!-- @BeforeClass beforeclass -->
  <testcase classname="TestingProject.cross" name="@BeforeMethod beforemethod" time="-1.678872643313E9">
    <skipped/>
  </testcase> <!-- @BeforeMethod beforemethod -->
  <testcase classname="TestingProject.cross" name="@AfterMethod aftermethod" time="-1.678872643328E9">
    <skipped/>
  </testcase> <!-- @AfterMethod aftermethod -->
  <testcase classname="TestingProject.cross" name="@BeforeMethod beforemethod" time="-1.678872643342E9">
    <skipped/>
  </testcase> <!-- @BeforeMethod beforemethod -->
  <testcase classname="TestingProject.cross" name="@AfterMethod aftermethod" time="-1.678872643353E9">
    <skipped/>
  </testcase> <!-- @AfterMethod aftermethod -->
  <testcase classname="TestingProject.cross" name="@BeforeMethod beforemethod" time="-1.678872643359E9">
    <skipped/>
  </testcase> <!-- @BeforeMethod beforemethod -->
  <testcase classname="TestingProject.cross" name="@AfterMethod aftermethod" time="-1.678872643373E9">
    <skipped/>
  </testcase> <!-- @AfterMethod aftermethod -->
  <testcase classname="TestingProject.cross" name="@BeforeMethod beforemethod" time="-1.678872643376E9">
    <skipped/>
  </testcase> <!-- @BeforeMethod beforemethod -->
  <testcase classname="TestingProject.cross" name="@AfterMethod aftermethod" time="-1.678872643392E9">
    <skipped/>
  </testcase> <!-- @AfterMethod aftermethod -->
  <testcase classname="TestingProject.cross" name="@AfterClass afterclass" time="-1.678872643395E9">
    <skipped/>
  </testcase> <!-- @AfterClass afterclass -->
  <testcase classname="TestingProject.cross" name="@AfterTest browserclose" time="-1.678872643398E9">
    <skipped/>
  </testcase> <!-- @AfterTest browserclose -->
  <testcase classname="TestingProject.cross" name="CoursesPage" time="0.0">
    <skipped/>
  </testcase> <!-- CoursesPage -->
  <testcase classname="TestingProject.cross" name="profilepage" time="0.0">
    <skipped/>
  </testcase> <!-- profilepage -->
  <testcase classname="TestingProject.cross" name="progresspage" time="0.0">
    <skipped/>
  </testcase> <!-- progresspage -->
  <testcase classname="TestingProject.cross" name="teacherpage" time="0.0">
    <skipped/>
  </testcase> <!-- teacherpage -->
</testsuite> <!-- CromeTest -->
